<?xml version="1.0" encoding="UTF-8"?>
<!-- Generated by org.testng.reporters.JUnitXMLReporter -->
<testsuite hostname="MARK-III" name="Default test" tests="35" failures="0" timestamp="6 Feb 2017 19:07:29 GMT" time="0.695" errors="0">
  <testcase name="HREFLanguageTags" time="0.264" classname="sachin.seobox.seo.PageLevel"/>
  <testcase name="NOFOLLOWTags" time="0.005" classname="sachin.seobox.seo.PageLevel"/>
  <testcase name="NOINDEXTags" time="0.004" classname="sachin.seobox.seo.PageLevel"/>
  <testcase name="NOODPTags" time="0.003" classname="sachin.seobox.seo.PageLevel"/>
  <testcase name="NOYDIRTags" time="0.005" classname="sachin.seobox.seo.PageLevel"/>
  <testcase name="OGTags" time="0.004" classname="sachin.seobox.seo.PageLevel"/>
  <testcase name="blankCanonicalURL" time="0.004" classname="sachin.seobox.seo.PageLevel"/>
  <testcase name="blankDescription" time="0.004" classname="sachin.seobox.seo.PageLevel"/>
  <testcase name="blankH1Tags" time="0.004" classname="sachin.seobox.seo.PageLevel"/>
  <testcase name="blankH2Tags" time="0.004" classname="sachin.seobox.seo.PageLevel"/>
  <testcase name="canonicalLength" time="0.004" classname="sachin.seobox.seo.PageLevel"/>
  <testcase name="contentAndHTMLRatio" time="0.004" classname="sachin.seobox.seo.PageLevel"/>
  <testcase name="descriptionLength" time="0.004" classname="sachin.seobox.seo.PageLevel"/>
  <testcase name="duplicateBodyContent" time="0.007" classname="sachin.seobox.seo.PageLevel"/>
  <testcase name="duplicateDescription" time="0.005" classname="sachin.seobox.seo.PageLevel"/>
  <testcase name="duplicateTitle" time="0.005" classname="sachin.seobox.seo.PageLevel"/>
  <testcase name="externalOutgoingLinksCount" time="0.003" classname="sachin.seobox.seo.PageLevel"/>
  <testcase name="imageAltText" time="0.004" classname="sachin.seobox.seo.PageLevel"/>
  <testcase name="imageTitleText" time="0.004" classname="sachin.seobox.seo.PageLevel"/>
  <testcase name="internalOutgoingLinksCount" time="0.004" classname="sachin.seobox.seo.PageLevel"/>
  <testcase name="missingCanonicalTags" time="0.004" classname="sachin.seobox.seo.PageLevel"/>
  <testcase name="missingDescription" time="0.004" classname="sachin.seobox.seo.PageLevel"/>
  <testcase name="missingH1Tags" time="0.005" classname="sachin.seobox.seo.PageLevel"/>
  <testcase name="missingTitle" time="0.004" classname="sachin.seobox.seo.PageLevel"/>
  <testcase name="multipleCanonicalTags" time="0.003" classname="sachin.seobox.seo.PageLevel"/>
  <testcase name="multipleDescription" time="0.004" classname="sachin.seobox.seo.PageLevel"/>
  <testcase name="multipleH1Tags" time="0.004" classname="sachin.seobox.seo.PageLevel"/>
  <testcase name="multipleTitle" time="0.004" classname="sachin.seobox.seo.PageLevel"/>
  <testcase name="noFlash" time="0.003" classname="sachin.seobox.seo.PageLevel"/>
  <testcase name="noFrames" time="0.003" classname="sachin.seobox.seo.PageLevel"/>
  <testcase name="overCharacterH1Tags" time="0.003" classname="sachin.seobox.seo.PageLevel"/>
  <testcase name="overCharacterH2Tags" time="0.003" classname="sachin.seobox.seo.PageLevel"/>
  <testcase name="titleMaximumLength" time="0.004" classname="sachin.seobox.seo.PageLevel"/>
  <testcase name="titleMinimumLength" time="0.004" classname="sachin.seobox.seo.PageLevel"/>
  <testcase name="useDivInsteadOfTable" time="0.008" classname="sachin.seobox.seo.PageLevel"/>
</testsuite> <!-- Default test -->
